<?xml version="1.0" encoding="UTF-8"?>
<coverage generated="1777726326442" clover="3.2.0">
  <project timestamp="1777726326442" name="All files">
    <metrics statements="2" coveredstatements="1" conditionals="16" coveredconditionals="16" methods="2" coveredmethods="1" elements="20" coveredelements="18" complexity="0" loc="2" ncloc="2" packages="1" files="1" classes="1"/>
    <file name="CameraOverlays.tsx" path="/home/zyt/.openclaw/workspace/photo-advisor/src/components/CameraOverlays.tsx">
      <metrics statements="2" coveredstatements="1" conditionals="16" coveredconditionals="16" methods="2" coveredmethods="1"/>
      <line num="125" count="26" type="stmt"/>
      <line num="134" count="0" type="stmt"/>
    </file>
  </project>
</coverage>
