{"/home/zyt/.openclaw/workspace/photo-advisor/src/hooks/useExposure.ts": {"path":"/home/zyt/.openclaw/workspace/photo-advisor/src/hooks/useExposure.ts","statementMap":{"0":{"start":{"line":5,"column":34},"end":{"line":5,"column":37}},"1":{"start":{"line":16,"column":2},"end":{"line":35,"column":4}},"2":{"start":{"line":39,"column":42},"end":{"line":42,"column":4}},"3":{"start":{"line":40,"column":16},"end":{"line":40,"column":41}},"4":{"start":{"line":41,"column":4},"end":{"line":41,"column":70}},"5":{"start":{"line":43,"column":28},"end":{"line":46,"column":4}},"6":{"start":{"line":44,"column":16},"end":{"line":44,"column":41}},"7":{"start":{"line":45,"column":4},"end":{"line":45,"column":56}},"8":{"start":{"line":47,"column":28},"end":{"line":50,"column":4}},"9":{"start":{"line":48,"column":16},"end":{"line":48,"column":41}},"10":{"start":{"line":49,"column":4},"end":{"line":49,"column":55}},"11":{"start":{"line":51,"column":40},"end":{"line":51,"column":55}},"12":{"start":{"line":52,"column":21},"end":{"line":52,"column":33}},"13":{"start":{"line":53,"column":26},"end":{"line":53,"column":43}},"14":{"start":{"line":54,"column":2},"end":{"line":54,"column":38}},"15":{"start":{"line":56,"column":15},"end":{"line":65,"column":8}},"16":{"start":{"line":57,"column":4},"end":{"line":57,"column":36}},"17":{"start":{"line":57,"column":29},"end":{"line":57,"column":36}},"18":{"start":{"line":58,"column":16},"end":{"line":58,"column":55}},"19":{"start":{"line":59,"column":4},"end":{"line":59,"column":21}},"20":{"start":{"line":59,"column":14},"end":{"line":59,"column":21}},"21":{"start":{"line":61,"column":58},"end":{"line":61,"column":85}},"22":{"start":{"line":62,"column":4},"end":{"line":62,"column":42}},"23":{"start":{"line":63,"column":4},"end":{"line":63,"column":16}},"24":{"start":{"line":64,"column":4},"end":{"line":64,"column":17}},"25":{"start":{"line":67,"column":2},"end":{"line":71,"column":5}},"26":{"start":{"line":73,"column":34},"end":{"line":89,"column":3}},"27":{"start":{"line":75,"column":18},"end":{"line":75,"column":42}},"28":{"start":{"line":76,"column":6},"end":{"line":76,"column":23}},"29":{"start":{"line":76,"column":16},"end":{"line":76,"column":23}},"30":{"start":{"line":78,"column":6},"end":{"line":78,"column":27}},"31":{"start":{"line":79,"column":6},"end":{"line":86,"column":7}},"32":{"start":{"line":80,"column":8},"end":{"line":83,"column":9}},"33":{"start":{"line":81,"column":10},"end":{"line":81,"column":51}},"34":{"start":{"line":82,"column":10},"end":{"line":82,"column":33}},"35":{"start":{"line":85,"column":8},"end":{"line":85,"column":30}},"36":{"start":{"line":91,"column":2},"end":{"line":97,"column":4}}},"fnMap":{"0":{"name":"readExposureFromCamera","decl":{"start":{"line":15,"column":9},"end":{"line":15,"column":31}},"loc":{"start":{"line":15,"column":42},"end":{"line":36,"column":1}},"line":15},"1":{"name":"useExposure","decl":{"start":{"line":38,"column":16},"end":{"line":38,"column":27}},"loc":{"start":{"line":38,"column":94},"end":{"line":98,"column":1}},"line":38},"2":{"name":"(anonymous_2)","decl":{"start":{"line":39,"column":51},"end":{"line":39,"column":52}},"loc":{"start":{"line":39,"column":57},"end":{"line":42,"column":3}},"line":39},"3":{"name":"(anonymous_3)","decl":{"start":{"line":43,"column":37},"end":{"line":43,"column":38}},"loc":{"start":{"line":43,"column":43},"end":{"line":46,"column":3}},"line":43},"4":{"name":"(anonymous_4)","decl":{"start":{"line":47,"column":37},"end":{"line":47,"column":38}},"loc":{"start":{"line":47,"column":43},"end":{"line":50,"column":3}},"line":47},"5":{"name":"(anonymous_5)","decl":{"start":{"line":56,"column":27},"end":{"line":56,"column":28}},"loc":{"start":{"line":56,"column":33},"end":{"line":65,"column":3}},"line":56},"6":{"name":"(anonymous_6)","decl":{"start":{"line":74,"column":4},"end":{"line":74,"column":5}},"loc":{"start":{"line":74,"column":29},"end":{"line":87,"column":5}},"line":74}},"branchMap":{"0":{"loc":{"start":{"line":18,"column":6},"end":{"line":22,"column":11}},"type":"cond-expr","locations":[{"start":{"line":21,"column":10},"end":{"line":21,"column":34}},{"start":{"line":22,"column":10},"end":{"line":22,"column":11}}],"line":18},"1":{"loc":{"start":{"line":18,"column":6},"end":{"line":20,"column":47}},"type":"binary-expr","locations":[{"start":{"line":18,"column":6},"end":{"line":18,"column":44}},{"start":{"line":19,"column":6},"end":{"line":19,"column":50}},{"start":{"line":20,"column":6},"end":{"line":20,"column":47}}],"line":18},"2":{"loc":{"start":{"line":24,"column":6},"end":{"line":28,"column":12}},"type":"cond-expr","locations":[{"start":{"line":27,"column":10},"end":{"line":27,"column":37}},{"start":{"line":28,"column":10},"end":{"line":28,"column":12}}],"line":24},"3":{"loc":{"start":{"line":24,"column":6},"end":{"line":26,"column":50}},"type":"binary-expr","locations":[{"start":{"line":24,"column":6},"end":{"line":24,"column":47}},{"start":{"line":25,"column":6},"end":{"line":25,"column":53}},{"start":{"line":26,"column":6},"end":{"line":26,"column":50}}],"line":24},"4":{"loc":{"start":{"line":30,"column":6},"end":{"line":34,"column":11}},"type":"cond-expr","locations":[{"start":{"line":33,"column":10},"end":{"line":33,"column":37}},{"start":{"line":34,"column":10},"end":{"line":34,"column":11}}],"line":30},"5":{"loc":{"start":{"line":30,"column":6},"end":{"line":32,"column":50}},"type":"binary-expr","locations":[{"start":{"line":30,"column":6},"end":{"line":30,"column":47}},{"start":{"line":31,"column":6},"end":{"line":31,"column":53}},{"start":{"line":32,"column":6},"end":{"line":32,"column":50}}],"line":30},"6":{"loc":{"start":{"line":41,"column":11},"end":{"line":41,"column":69}},"type":"cond-expr","locations":[{"start":{"line":41,"column":17},"end":{"line":41,"column":65}},{"start":{"line":41,"column":68},"end":{"line":41,"column":69}}],"line":41},"7":{"loc":{"start":{"line":45,"column":11},"end":{"line":45,"column":55}},"type":"cond-expr","locations":[{"start":{"line":45,"column":17},"end":{"line":45,"column":50}},{"start":{"line":45,"column":53},"end":{"line":45,"column":55}}],"line":45},"8":{"loc":{"start":{"line":49,"column":11},"end":{"line":49,"column":54}},"type":"cond-expr","locations":[{"start":{"line":49,"column":17},"end":{"line":49,"column":50}},{"start":{"line":49,"column":53},"end":{"line":49,"column":54}}],"line":49},"9":{"loc":{"start":{"line":57,"column":4},"end":{"line":57,"column":36}},"type":"if","locations":[{"start":{"line":57,"column":4},"end":{"line":57,"column":36}},{"start":{},"end":{}}],"line":57},"10":{"loc":{"start":{"line":59,"column":4},"end":{"line":59,"column":21}},"type":"if","locations":[{"start":{"line":59,"column":4},"end":{"line":59,"column":21}},{"start":{},"end":{}}],"line":59},"11":{"loc":{"start":{"line":76,"column":6},"end":{"line":76,"column":23}},"type":"if","locations":[{"start":{"line":76,"column":6},"end":{"line":76,"column":23}},{"start":{},"end":{}}],"line":76},"12":{"loc":{"start":{"line":80,"column":8},"end":{"line":83,"column":9}},"type":"if","locations":[{"start":{"line":80,"column":8},"end":{"line":83,"column":9}},{"start":{},"end":{}}],"line":80}},"s":{"0":1,"1":66,"2":29,"3":25,"4":25,"5":29,"6":25,"7":25,"8":29,"9":25,"10":25,"11":29,"12":29,"13":29,"14":29,"15":29,"16":0,"17":0,"18":0,"19":0,"20":0,"21":0,"22":0,"23":0,"24":0,"25":29,"26":29,"27":6,"28":6,"29":2,"30":4,"31":4,"32":4,"33":3,"34":2,"35":4,"36":29},"f":{"0":66,"1":29,"2":25,"3":25,"4":25,"5":0,"6":6},"b":{"0":[57,9],"1":[66,60,57],"2":[54,12],"3":[66,60,57],"4":[54,12],"5":[66,60,57],"6":[22,3],"7":[22,3],"8":[22,3],"9":[0,0],"10":[0,0],"11":[2,4],"12":[3,1]},"_coverageSchema":"1a1c01bbd47fc00a2c39e90264f33305004495a9","hash":"9cac6c9eed91bdee34f13e0d1766e6b4ae0fd5a1"}
}
