{"/home/zyt/.openclaw/workspace/photo-advisor/src/contexts/ThemeContext.tsx": {"path":"/home/zyt/.openclaw/workspace/photo-advisor/src/contexts/ThemeContext.tsx","statementMap":{"0":{"start":{"line":13,"column":40},"end":{"line":18,"column":1}},"1":{"start":{"line":20,"column":21},"end":{"line":20,"column":67}},"2":{"start":{"line":23,"column":33},"end":{"line":23,"column":83}},"3":{"start":{"line":25,"column":2},"end":{"line":29,"column":9}},"4":{"start":{"line":26,"column":4},"end":{"line":28,"column":7}},"5":{"start":{"line":27,"column":6},"end":{"line":27,"column":36}},"6":{"start":{"line":31,"column":19},"end":{"line":34,"column":8}},"7":{"start":{"line":32,"column":4},"end":{"line":32,"column":28}},"8":{"start":{"line":33,"column":4},"end":{"line":33,"column":47}},"9":{"start":{"line":36,"column":22},"end":{"line":39,"column":23}},"10":{"start":{"line":37,"column":17},"end":{"line":37,"column":52}},"11":{"start":{"line":38,"column":4},"end":{"line":38,"column":25}},"12":{"start":{"line":41,"column":17},"end":{"line":41,"column":60}},"13":{"start":{"line":43,"column":2},"end":{"line":47,"column":4}},"14":{"start":{"line":51,"column":2},"end":{"line":51,"column":34}}},"fnMap":{"0":{"name":"(anonymous_0)","decl":{"start":{"line":16,"column":12},"end":{"line":16,"column":13}},"loc":{"start":{"line":16,"column":24},"end":{"line":16,"column":26}},"line":16},"1":{"name":"(anonymous_1)","decl":{"start":{"line":17,"column":15},"end":{"line":17,"column":16}},"loc":{"start":{"line":17,"column":27},"end":{"line":17,"column":29}},"line":17},"2":{"name":"ThemeProvider","decl":{"start":{"line":22,"column":16},"end":{"line":22,"column":29}},"loc":{"start":{"line":22,"column":122},"end":{"line":48,"column":1}},"line":22},"3":{"name":"(anonymous_3)","decl":{"start":{"line":25,"column":12},"end":{"line":25,"column":13}},"loc":{"start":{"line":25,"column":18},"end":{"line":29,"column":3}},"line":25},"4":{"name":"(anonymous_4)","decl":{"start":{"line":26,"column":27},"end":{"line":26,"column":28}},"loc":{"start":{"line":26,"column":41},"end":{"line":28,"column":5}},"line":26},"5":{"name":"(anonymous_5)","decl":{"start":{"line":31,"column":31},"end":{"line":31,"column":32}},"loc":{"start":{"line":31,"column":69},"end":{"line":34,"column":3}},"line":31},"6":{"name":"(anonymous_6)","decl":{"start":{"line":36,"column":34},"end":{"line":36,"column":35}},"loc":{"start":{"line":36,"column":46},"end":{"line":39,"column":3}},"line":36},"7":{"name":"useTheme","decl":{"start":{"line":50,"column":16},"end":{"line":50,"column":24}},"loc":{"start":{"line":50,"column":46},"end":{"line":52,"column":1}},"line":50}},"branchMap":{"0":{"loc":{"start":{"line":23,"column":60},"end":{"line":23,"column":82}},"type":"binary-expr","locations":[{"start":{"line":23,"column":60},"end":{"line":23,"column":72}},{"start":{"line":23,"column":76},"end":{"line":23,"column":82}}],"line":23},"1":{"loc":{"start":{"line":37,"column":17},"end":{"line":37,"column":52}},"type":"cond-expr","locations":[{"start":{"line":37,"column":36},"end":{"line":37,"column":43}},{"start":{"line":37,"column":46},"end":{"line":37,"column":52}}],"line":37},"2":{"loc":{"start":{"line":41,"column":17},"end":{"line":41,"column":60}},"type":"cond-expr","locations":[{"start":{"line":41,"column":36},"end":{"line":41,"column":46}},{"start":{"line":41,"column":49},"end":{"line":41,"column":60}}],"line":41}},"s":{"0":1,"1":1,"2":0,"3":0,"4":0,"5":0,"6":0,"7":0,"8":0,"9":0,"10":0,"11":0,"12":0,"13":0,"14":32},"f":{"0":0,"1":0,"2":0,"3":0,"4":0,"5":0,"6":0,"7":32},"b":{"0":[0,0],"1":[0,0],"2":[0,0]},"_coverageSchema":"1a1c01bbd47fc00a2c39e90264f33305004495a9","hash":"709134a23a57e7bc8cc0fcfd2c71d0dfff3e38ac"}
,"/home/zyt/.openclaw/workspace/photo-advisor/src/screens/ShootLogScreen.tsx": {"path":"/home/zyt/.openclaw/workspace/photo-advisor/src/screens/ShootLogScreen.tsx","statementMap":{"0":{"start":{"line":16,"column":44},"end":{"line":22,"column":1}},"1":{"start":{"line":25,"column":12},"end":{"line":25,"column":25}},"2":{"start":{"line":26,"column":2},"end":{"line":26,"column":66}},"3":{"start":{"line":30,"column":12},"end":{"line":30,"column":25}},"4":{"start":{"line":31,"column":2},"end":{"line":31,"column":101}},"5":{"start":{"line":35,"column":2},"end":{"line":35,"column":41}},"6":{"start":{"line":35,"column":19},"end":{"line":35,"column":41}},"7":{"start":{"line":36,"column":2},"end":{"line":36,"column":41}},"8":{"start":{"line":36,"column":19},"end":{"line":36,"column":41}},"9":{"start":{"line":37,"column":2},"end":{"line":37,"column":22}},"10":{"start":{"line":41,"column":50},"end":{"line":41,"column":52}},"11":{"start":{"line":42,"column":2},"end":{"line":46,"column":3}},"12":{"start":{"line":43,"column":19},"end":{"line":43,"column":47}},"13":{"start":{"line":44,"column":4},"end":{"line":44,"column":45}},"14":{"start":{"line":44,"column":25},"end":{"line":44,"column":45}},"15":{"start":{"line":45,"column":4},"end":{"line":45,"column":31}},"16":{"start":{"line":47,"column":2},"end":{"line":47,"column":74}},"17":{"start":{"line":47,"column":56},"end":{"line":47,"column":71}},"18":{"start":{"line":51,"column":21},"end":{"line":51,"column":31}},"19":{"start":{"line":52,"column":38},"end":{"line":52,"column":53}},"20":{"start":{"line":53,"column":40},"end":{"line":53,"column":72}},"21":{"start":{"line":55,"column":17},"end":{"line":90,"column":4}},"22":{"start":{"line":92,"column":21},"end":{"line":99,"column":3}},"23":{"start":{"line":93,"column":23},"end":{"line":93,"column":51}},"24":{"start":{"line":94,"column":4},"end":{"line":98,"column":6}},"25":{"start":{"line":101,"column":20},"end":{"line":173,"column":3}},"26":{"start":{"line":102,"column":22},"end":{"line":102,"column":67}},"27":{"start":{"line":103,"column":23},"end":{"line":103,"column":48}},"28":{"start":{"line":105,"column":24},"end":{"line":117,"column":5}},"29":{"start":{"line":106,"column":6},"end":{"line":116,"column":7}},"30":{"start":{"line":107,"column":8},"end":{"line":115,"column":11}},"31":{"start":{"line":108,"column":23},"end":{"line":108,"column":36}},"32":{"start":{"line":109,"column":10},"end":{"line":113,"column":11}},"33":{"start":{"line":110,"column":12},"end":{"line":110,"column":34}},"34":{"start":{"line":112,"column":12},"end":{"line":112,"column":31}},"35":{"start":{"line":114,"column":10},"end":{"line":114,"column":22}},"36":{"start":{"line":119,"column":28},"end":{"line":124,"column":5}},"37":{"start":{"line":120,"column":6},"end":{"line":123,"column":7}},"38":{"start":{"line":121,"column":8},"end":{"line":121,"column":28}},"39":{"start":{"line":122,"column":8},"end":{"line":122,"column":44}},"40":{"start":{"line":126,"column":4},"end":{"line":172,"column":6}},"41":{"start":{"line":175,"column":90},"end":{"line":175,"column":103}},"42":{"start":{"line":176,"column":19},"end":{"line":176,"column":37}},"43":{"start":{"line":178,"column":31},"end":{"line":192,"column":3}},"44":{"start":{"line":179,"column":4},"end":{"line":179,"column":39}},"45":{"start":{"line":179,"column":32},"end":{"line":179,"column":39}},"46":{"start":{"line":180,"column":4},"end":{"line":191,"column":7}},"47":{"start":{"line":186,"column":10},"end":{"line":186,"column":49}},"48":{"start":{"line":187,"column":10},"end":{"line":187,"column":31}},"49":{"start":{"line":188,"column":10},"end":{"line":188,"column":36}},"50":{"start":{"line":194,"column":25},"end":{"line":197,"column":3}},"51":{"start":{"line":195,"column":4},"end":{"line":195,"column":25}},"52":{"start":{"line":196,"column":4},"end":{"line":196,"column":30}},"53":{"start":{"line":199,"column":2},"end":{"line":210,"column":3}},"54":{"start":{"line":200,"column":4},"end":{"line":209,"column":6}},"55":{"start":{"line":212,"column":2},"end":{"line":267,"column":4}},"56":{"start":{"line":224,"column":70},"end":{"line":224,"column":89}},"57":{"start":{"line":250,"column":37},"end":{"line":250,"column":50}},"58":{"start":{"line":254,"column":12},"end":{"line":261,"column":19}},"59":{"start":{"line":259,"column":16},"end":{"line":259,"column":58}}},"fnMap":{"0":{"name":"formatDateHeader","decl":{"start":{"line":24,"column":9},"end":{"line":24,"column":25}},"loc":{"start":{"line":24,"column":47},"end":{"line":27,"column":1}},"line":24},"1":{"name":"formatTime","decl":{"start":{"line":29,"column":9},"end":{"line":29,"column":19}},"loc":{"start":{"line":29,"column":41},"end":{"line":32,"column":1}},"line":29},"2":{"name":"getScoreColor","decl":{"start":{"line":34,"column":9},"end":{"line":34,"column":22}},"loc":{"start":{"line":34,"column":107},"end":{"line":38,"column":1}},"line":34},"3":{"name":"buildSections","decl":{"start":{"line":40,"column":9},"end":{"line":40,"column":22}},"loc":{"start":{"line":40,"column":94},"end":{"line":48,"column":1}},"line":40},"4":{"name":"(anonymous_4)","decl":{"start":{"line":47,"column":36},"end":{"line":47,"column":37}},"loc":{"start":{"line":47,"column":56},"end":{"line":47,"column":71}},"line":47},"5":{"name":"ShootLogScreen","decl":{"start":{"line":50,"column":16},"end":{"line":50,"column":30}},"loc":{"start":{"line":50,"column":33},"end":{"line":268,"column":1}},"line":50},"6":{"name":"(anonymous_6)","decl":{"start":{"line":92,"column":21},"end":{"line":92,"column":22}},"loc":{"start":{"line":92,"column":55},"end":{"line":99,"column":3}},"line":92},"7":{"name":"(anonymous_7)","decl":{"start":{"line":101,"column":20},"end":{"line":101,"column":21}},"loc":{"start":{"line":101,"column":61},"end":{"line":173,"column":3}},"line":101},"8":{"name":"(anonymous_8)","decl":{"start":{"line":105,"column":24},"end":{"line":105,"column":25}},"loc":{"start":{"line":105,"column":30},"end":{"line":117,"column":5}},"line":105},"9":{"name":"(anonymous_9)","decl":{"start":{"line":107,"column":23},"end":{"line":107,"column":24}},"loc":{"start":{"line":107,"column":33},"end":{"line":115,"column":9}},"line":107},"10":{"name":"(anonymous_10)","decl":{"start":{"line":119,"column":28},"end":{"line":119,"column":29}},"loc":{"start":{"line":119,"column":34},"end":{"line":124,"column":5}},"line":119},"11":{"name":"(anonymous_11)","decl":{"start":{"line":178,"column":31},"end":{"line":178,"column":32}},"loc":{"start":{"line":178,"column":37},"end":{"line":192,"column":3}},"line":178},"12":{"name":"(anonymous_12)","decl":{"start":{"line":185,"column":17},"end":{"line":185,"column":18}},"loc":{"start":{"line":185,"column":23},"end":{"line":189,"column":9}},"line":185},"13":{"name":"(anonymous_13)","decl":{"start":{"line":194,"column":25},"end":{"line":194,"column":26}},"loc":{"start":{"line":194,"column":31},"end":{"line":197,"column":3}},"line":194},"14":{"name":"(anonymous_14)","decl":{"start":{"line":224,"column":64},"end":{"line":224,"column":65}},"loc":{"start":{"line":224,"column":70},"end":{"line":224,"column":89}},"line":224},"15":{"name":"(anonymous_15)","decl":{"start":{"line":250,"column":24},"end":{"line":250,"column":25}},"loc":{"start":{"line":250,"column":37},"end":{"line":250,"column":50}},"line":250},"16":{"name":"(anonymous_16)","decl":{"start":{"line":253,"column":22},"end":{"line":253,"column":23}},"loc":{"start":{"line":254,"column":12},"end":{"line":261,"column":19}},"line":254},"17":{"name":"(anonymous_17)","decl":{"start":{"line":258,"column":32},"end":{"line":258,"column":33}},"loc":{"start":{"line":259,"column":16},"end":{"line":259,"column":58}},"line":259}},"branchMap":{"0":{"loc":{"start":{"line":35,"column":2},"end":{"line":35,"column":41}},"type":"if","locations":[{"start":{"line":35,"column":2},"end":{"line":35,"column":41}},{"start":{},"end":{}}],"line":35},"1":{"loc":{"start":{"line":36,"column":2},"end":{"line":36,"column":41}},"type":"if","locations":[{"start":{"line":36,"column":2},"end":{"line":36,"column":41}},{"start":{},"end":{}}],"line":36},"2":{"loc":{"start":{"line":44,"column":4},"end":{"line":44,"column":45}},"type":"if","locations":[{"start":{"line":44,"column":4},"end":{"line":44,"column":45}},{"start":{},"end":{}}],"line":44},"3":{"loc":{"start":{"line":102,"column":22},"end":{"line":102,"column":67}},"type":"binary-expr","locations":[{"start":{"line":102,"column":22},"end":{"line":102,"column":49}},{"start":{"line":102,"column":53},"end":{"line":102,"column":67}}],"line":102},"4":{"loc":{"start":{"line":106,"column":6},"end":{"line":116,"column":7}},"type":"if","locations":[{"start":{"line":106,"column":6},"end":{"line":116,"column":7}},{"start":{},"end":{}}],"line":106},"5":{"loc":{"start":{"line":109,"column":10},"end":{"line":113,"column":11}},"type":"if","locations":[{"start":{"line":109,"column":10},"end":{"line":113,"column":11}},{"start":{"line":111,"column":17},"end":{"line":113,"column":11}}],"line":109},"6":{"loc":{"start":{"line":120,"column":6},"end":{"line":123,"column":7}},"type":"if","locations":[{"start":{"line":120,"column":6},"end":{"line":123,"column":7}},{"start":{},"end":{}}],"line":120},"7":{"loc":{"start":{"line":128,"column":15},"end":{"line":128,"column":61}},"type":"cond-expr","locations":[{"start":{"line":128,"column":28},"end":{"line":128,"column":47}},{"start":{"line":128,"column":50},"end":{"line":128,"column":61}}],"line":128},"8":{"loc":{"start":{"line":133,"column":9},"end":{"line":137,"column":9}},"type":"binary-expr","locations":[{"start":{"line":133,"column":9},"end":{"line":133,"column":19}},{"start":{"line":134,"column":10},"end":{"line":136,"column":17}}],"line":133},"9":{"loc":{"start":{"line":134,"column":23},"end":{"line":134,"column":76}},"type":"cond-expr","locations":[{"start":{"line":134,"column":36},"end":{"line":134,"column":58}},{"start":{"line":134,"column":61},"end":{"line":134,"column":76}}],"line":134},"10":{"loc":{"start":{"line":135,"column":13},"end":{"line":135,"column":88}},"type":"binary-expr","locations":[{"start":{"line":135,"column":13},"end":{"line":135,"column":23}},{"start":{"line":135,"column":27},"end":{"line":135,"column":88}}],"line":135},"11":{"loc":{"start":{"line":143,"column":11},"end":{"line":145,"column":18}},"type":"cond-expr","locations":[{"start":{"line":144,"column":12},"end":{"line":144,"column":46}},{"start":{"line":145,"column":14},"end":{"line":145,"column":18}}],"line":143},"12":{"loc":{"start":{"line":143,"column":11},"end":{"line":143,"column":60}},"type":"binary-expr","locations":[{"start":{"line":143,"column":11},"end":{"line":143,"column":36}},{"start":{"line":143,"column":40},"end":{"line":143,"column":60}}],"line":143},"13":{"loc":{"start":{"line":148,"column":11},"end":{"line":152,"column":18}},"type":"cond-expr","locations":[{"start":{"line":149,"column":12},"end":{"line":151,"column":19}},{"start":{"line":152,"column":14},"end":{"line":152,"column":18}}],"line":148},"14":{"loc":{"start":{"line":153,"column":11},"end":{"line":155,"column":18}},"type":"cond-expr","locations":[{"start":{"line":154,"column":12},"end":{"line":154,"column":76}},{"start":{"line":155,"column":14},"end":{"line":155,"column":18}}],"line":153},"15":{"loc":{"start":{"line":156,"column":11},"end":{"line":158,"column":18}},"type":"cond-expr","locations":[{"start":{"line":157,"column":12},"end":{"line":157,"column":58}},{"start":{"line":158,"column":14},"end":{"line":158,"column":18}}],"line":156},"16":{"loc":{"start":{"line":159,"column":11},"end":{"line":161,"column":18}},"type":"cond-expr","locations":[{"start":{"line":160,"column":12},"end":{"line":160,"column":75}},{"start":{"line":161,"column":14},"end":{"line":161,"column":18}}],"line":159},"17":{"loc":{"start":{"line":159,"column":11},"end":{"line":159,"column":57}},"type":"binary-expr","locations":[{"start":{"line":159,"column":11},"end":{"line":159,"column":30}},{"start":{"line":159,"column":34},"end":{"line":159,"column":57}}],"line":159},"18":{"loc":{"start":{"line":163,"column":9},"end":{"line":165,"column":16}},"type":"cond-expr","locations":[{"start":{"line":164,"column":10},"end":{"line":164,"column":73}},{"start":{"line":165,"column":12},"end":{"line":165,"column":16}}],"line":163},"19":{"loc":{"start":{"line":166,"column":9},"end":{"line":170,"column":16}},"type":"cond-expr","locations":[{"start":{"line":167,"column":10},"end":{"line":169,"column":17}},{"start":{"line":170,"column":12},"end":{"line":170,"column":16}}],"line":166},"20":{"loc":{"start":{"line":179,"column":4},"end":{"line":179,"column":39}},"type":"if","locations":[{"start":{"line":179,"column":4},"end":{"line":179,"column":39}},{"start":{},"end":{}}],"line":179},"21":{"loc":{"start":{"line":199,"column":2},"end":{"line":210,"column":3}},"type":"if","locations":[{"start":{"line":199,"column":2},"end":{"line":210,"column":3}},{"start":{},"end":{}}],"line":199},"22":{"loc":{"start":{"line":217,"column":31},"end":{"line":217,"column":46}},"type":"binary-expr","locations":[{"start":{"line":217,"column":31},"end":{"line":217,"column":39}},{"start":{"line":217,"column":43},"end":{"line":217,"column":46}}],"line":217},"23":{"loc":{"start":{"line":219,"column":9},"end":{"line":228,"column":16}},"type":"cond-expr","locations":[{"start":{"line":220,"column":10},"end":{"line":227,"column":13}},{"start":{"line":228,"column":12},"end":{"line":228,"column":16}}],"line":219},"24":{"loc":{"start":{"line":219,"column":9},"end":{"line":219,"column":39}},"type":"binary-expr","locations":[{"start":{"line":219,"column":9},"end":{"line":219,"column":24}},{"start":{"line":219,"column":28},"end":{"line":219,"column":39}}],"line":219},"25":{"loc":{"start":{"line":229,"column":9},"end":{"line":238,"column":16}},"type":"cond-expr","locations":[{"start":{"line":230,"column":10},"end":{"line":237,"column":17}},{"start":{"line":238,"column":12},"end":{"line":238,"column":16}}],"line":229},"26":{"loc":{"start":{"line":241,"column":7},"end":{"line":265,"column":7}},"type":"cond-expr","locations":[{"start":{"line":242,"column":8},"end":{"line":246,"column":15}},{"start":{"line":248,"column":8},"end":{"line":264,"column":10}}],"line":241}},"s":{"0":1,"1":34,"2":34,"3":34,"4":34,"5":6,"6":3,"7":3,"8":2,"9":1,"10":32,"11":32,"12":34,"13":34,"14":29,"15":34,"16":32,"17":29,"18":32,"19":32,"20":32,"21":32,"22":32,"23":6,"24":6,"25":32,"26":34,"27":34,"28":34,"29":0,"30":0,"31":0,"32":0,"33":0,"34":0,"35":0,"36":34,"37":4,"38":4,"39":4,"40":34,"41":32,"42":32,"43":32,"44":1,"45":0,"46":1,"47":0,"48":0,"49":0,"50":32,"51":1,"52":1,"53":32,"54":1,"55":31,"56":0,"57":52,"58":29,"59":34},"f":{"0":34,"1":34,"2":6,"3":32,"4":29,"5":32,"6":6,"7":34,"8":0,"9":0,"10":4,"11":1,"12":0,"13":1,"14":0,"15":52,"16":29,"17":34},"b":{"0":[3,3],"1":[2,1],"2":[29,5],"3":[34,0],"4":[0,0],"5":[0,0],"6":[4,0],"7":[4,30],"8":[34,5],"9":[4,1],"10":[5,4],"11":[6,28],"12":[34,6],"13":[1,33],"14":[1,33],"15":[2,32],"16":[1,33],"17":[34,1],"18":[1,33],"19":[1,33],"20":[0,1],"21":[1,31],"22":[31,26],"23":[24,7],"24":[31,28],"25":[4,27],"26":[3,28]},"_coverageSchema":"1a1c01bbd47fc00a2c39e90264f33305004495a9","hash":"2d9ca3d09a590573e45b556486ec7ceb13059193"}
,"/home/zyt/.openclaw/workspace/photo-advisor/src/services/settings.ts": {"path":"/home/zyt/.openclaw/workspace/photo-advisor/src/services/settings.ts","statementMap":{"0":{"start":{"line":4,"column":20},"end":{"line":4,"column":45}},"1":{"start":{"line":6,"column":38},"end":{"line":23,"column":1}},"2":{"start":{"line":26,"column":2},"end":{"line":32,"column":3}},"3":{"start":{"line":27,"column":16},"end":{"line":27,"column":55}},"4":{"start":{"line":28,"column":4},"end":{"line":28,"column":38}},"5":{"start":{"line":28,"column":14},"end":{"line":28,"column":38}},"6":{"start":{"line":29,"column":4},"end":{"line":29,"column":81}},"7":{"start":{"line":31,"column":4},"end":{"line":31,"column":28}},"8":{"start":{"line":36,"column":18},"end":{"line":36,"column":41}},"9":{"start":{"line":37,"column":18},"end":{"line":37,"column":45}},"10":{"start":{"line":38,"column":2},"end":{"line":38,"column":67}}},"fnMap":{"0":{"name":"loadAppSettings","decl":{"start":{"line":25,"column":22},"end":{"line":25,"column":37}},"loc":{"start":{"line":25,"column":62},"end":{"line":33,"column":1}},"line":25},"1":{"name":"saveAppSettings","decl":{"start":{"line":35,"column":22},"end":{"line":35,"column":37}},"loc":{"start":{"line":35,"column":85},"end":{"line":39,"column":1}},"line":35}},"branchMap":{"0":{"loc":{"start":{"line":28,"column":4},"end":{"line":28,"column":38}},"type":"if","locations":[{"start":{"line":28,"column":4},"end":{"line":28,"column":38}},{"start":{},"end":{}}],"line":28}},"s":{"0":1,"1":1,"2":0,"3":0,"4":0,"5":0,"6":0,"7":0,"8":0,"9":0,"10":0},"f":{"0":0,"1":0},"b":{"0":[0,0]},"_coverageSchema":"1a1c01bbd47fc00a2c39e90264f33305004495a9","hash":"d8ff7e65f8e808298a4f369a23bfe3463f71cf14"}
,"/home/zyt/.openclaw/workspace/photo-advisor/src/theme/colors.ts": {"path":"/home/zyt/.openclaw/workspace/photo-advisor/src/theme/colors.ts","statementMap":{"0":{"start":{"line":1,"column":26},"end":{"line":90,"column":1}},"1":{"start":{"line":92,"column":27},"end":{"line":181,"column":1}},"2":{"start":{"line":186,"column":2},"end":{"line":186,"column":53}}},"fnMap":{"0":{"name":"getColors","decl":{"start":{"line":185,"column":16},"end":{"line":185,"column":25}},"loc":{"start":{"line":185,"column":65},"end":{"line":187,"column":1}},"line":185}},"branchMap":{"0":{"loc":{"start":{"line":186,"column":9},"end":{"line":186,"column":52}},"type":"cond-expr","locations":[{"start":{"line":186,"column":28},"end":{"line":186,"column":38}},{"start":{"line":186,"column":41},"end":{"line":186,"column":52}}],"line":186}},"s":{"0":1,"1":1,"2":0},"f":{"0":0},"b":{"0":[0,0]},"_coverageSchema":"1a1c01bbd47fc00a2c39e90264f33305004495a9","hash":"20db47d5076f38c1ee4d3d20eb286e3883c92b45"}
}
