TN:
SF:src/components/AccessibleToggle.tsx
FN:26,AccessibleToggle
FN:29,(anonymous_1)
FNF:2
FNH:2
FNDA:1310,AccessibleToggle
FNDA:7,(anonymous_1)
DA:27,1310
DA:29,1310
DA:30,7
DA:33,1310
DA:58,1
LF:5
LH:5
BRDA:39,0,0,402
BRDA:39,0,1,908
BRDA:50,1,0,402
BRDA:50,1,1,908
BRDA:52,2,0,402
BRDA:52,2,1,908
BRF:6
BRH:6
end_of_record
TN:
SF:src/components/ExportSection.tsx
FN:22,ExportSection
FNF:1
FNH:1
FNDA:131,ExportSection
DA:22,1
DA:27,131
DA:29,131
DA:70,1
LF:4
LH:4
BRF:0
BRH:0
end_of_record
TN:
SF:src/components/FocusPeakingPreview.tsx
FN:28,FocusPeakingPreviewInner
FN:33,(anonymous_1)
FNF:2
FNH:2
FNDA:65,FocusPeakingPreviewInner
FNDA:782,(anonymous_1)
DA:16,1
DA:22,1
DA:29,65
DA:30,65
DA:33,65
DA:34,782
DA:35,782
DA:36,782
DA:51,65
DA:65,1
DA:67,1
LF:11
LH:11
BRDA:29,0,0,65
BRDA:29,0,1,0
BRDA:30,1,0,65
BRDA:30,1,1,0
BRF:4
BRH:2
end_of_record
TN:
SF:src/screens/SettingsScreen.tsx
FN:45,SettingsScreen
FN:72,(anonymous_1)
FN:73,(anonymous_2)
FN:81,(anonymous_3)
FN:99,(anonymous_4)
FN:108,(anonymous_5)
FN:124,(anonymous_6)
FN:133,(anonymous_7)
FN:147,(anonymous_8)
FN:154,(anonymous_9)
FN:161,(anonymous_10)
FN:191,(anonymous_11)
FN:208,(anonymous_12)
FN:218,(anonymous_13)
FN:269,(anonymous_14)
FN:287,(anonymous_15)
FN:359,(anonymous_16)
FN:367,(anonymous_17)
FN:395,(anonymous_18)
FN:403,(anonymous_19)
FN:461,(anonymous_20)
FN:498,(anonymous_21)
FN:510,(anonymous_22)
FN:539,(anonymous_23)
FN:549,(anonymous_24)
FN:566,(anonymous_25)
FN:577,(anonymous_26)
FN:603,(anonymous_27)
FN:614,(anonymous_28)
FN:640,(anonymous_29)
FN:651,(anonymous_30)
FN:676,(anonymous_31)
FN:686,(anonymous_32)
FN:702,(anonymous_33)
FN:711,(anonymous_34)
FNF:35
FNH:28
FNDA:138,SettingsScreen
FNDA:62,(anonymous_1)
FNDA:62,(anonymous_2)
FNDA:62,(anonymous_3)
FNDA:0,(anonymous_4)
FNDA:0,(anonymous_5)
FNDA:6,(anonymous_6)
FNDA:2,(anonymous_7)
FNDA:0,(anonymous_8)
FNDA:0,(anonymous_9)
FNDA:5,(anonymous_10)
FNDA:6,(anonymous_11)
FNDA:0,(anonymous_12)
FNDA:4,(anonymous_13)
FNDA:1,(anonymous_14)
FNDA:5,(anonymous_15)
FNDA:10,(anonymous_16)
FNDA:2,(anonymous_17)
FNDA:15,(anonymous_18)
FNDA:1,(anonymous_19)
FNDA:1,(anonymous_20)
FNDA:552,(anonymous_21)
FNDA:1,(anonymous_22)
FNDA:1104,(anonymous_23)
FNDA:5,(anonymous_24)
FNDA:414,(anonymous_25)
FNDA:1,(anonymous_26)
FNDA:414,(anonymous_27)
FNDA:2,(anonymous_28)
FNDA:414,(anonymous_29)
FNDA:2,(anonymous_30)
FNDA:690,(anonymous_31)
FNDA:1,(anonymous_32)
FNDA:0,(anonymous_33)
FNDA:0,(anonymous_34)
DA:46,138
DA:47,138
DA:48,138
DA:49,138
DA:50,138
DA:51,138
DA:52,138
DA:53,138
DA:54,138
DA:55,138
DA:56,138
DA:57,138
DA:58,138
DA:59,138
DA:60,138
DA:61,138
DA:62,138
DA:63,138
DA:64,138
DA:65,138
DA:66,138
DA:67,138
DA:68,138
DA:69,138
DA:70,138
DA:72,138
DA:73,62
DA:74,62
DA:75,2
DA:76,2
DA:77,2
DA:78,2
DA:81,62
DA:82,62
DA:83,62
DA:84,62
DA:85,62
DA:86,62
DA:87,62
DA:88,62
DA:89,62
DA:90,62
DA:91,62
DA:92,62
DA:93,62
DA:94,62
DA:95,62
DA:99,138
DA:100,0
DA:109,0
DA:110,0
DA:111,0
DA:113,0
DA:114,0
DA:122,138
DA:124,138
DA:125,6
DA:126,6
DA:127,6
DA:128,6
DA:129,5
DA:133,138
DA:134,2
DA:135,2
DA:136,2
DA:137,2
DA:138,0
DA:139,0
DA:141,2
DA:142,1
DA:143,1
DA:145,1
DA:148,0
DA:149,0
DA:151,0
DA:157,2
DA:161,138
DA:162,5
DA:163,1
DA:164,1
DA:166,4
DA:167,4
DA:168,4
DA:169,4
DA:170,4
DA:171,4
DA:172,1
DA:173,1
DA:175,3
DA:176,3
DA:177,3
DA:178,0
DA:179,3
DA:180,2
DA:183,0
DA:184,0
DA:186,4
DA:187,4
DA:191,138
DA:192,6
DA:193,1
DA:194,1
DA:196,5
DA:197,1
DA:198,1
DA:200,4
DA:201,1
DA:202,1
DA:204,3
DA:205,3
DA:206,3
DA:207,2
DA:208,0
DA:211,1
DA:212,1
DA:214,3
DA:218,138
DA:219,4
DA:220,1
DA:221,1
DA:223,3
DA:224,0
DA:225,0
DA:227,3
DA:228,3
DA:230,3
DA:231,2
DA:233,1
DA:235,3
DA:236,2
DA:238,1
DA:241,3
DA:245,138
DA:269,1
DA:287,5
DA:360,10
DA:367,2
DA:396,15
DA:403,1
DA:462,1
DA:463,1
DA:464,1
DA:465,1
DA:466,1
DA:499,552
DA:500,552
DA:501,552
DA:502,552
DA:511,1
DA:512,1
DA:540,1104
DA:550,5
DA:551,5
DA:552,5
DA:567,414
DA:568,414
DA:569,414
DA:578,1
DA:579,1
DA:604,414
DA:605,414
DA:606,414
DA:615,2
DA:616,2
DA:641,414
DA:642,414
DA:643,414
DA:652,2
DA:653,2
DA:677,690
DA:678,690
DA:687,1
DA:688,1
DA:703,0
DA:704,0
DA:705,0
DA:707,0
DA:708,0
DA:712,0
DA:713,0
DA:714,0
DA:715,0
DA:717,0
DA:718,0
DA:750,1
LF:185
LH:157
BRDA:74,0,0,2
BRDA:74,0,1,60
BRDA:89,1,0,62
BRDA:89,1,1,2
BRDA:90,2,0,62
BRDA:90,2,1,2
BRDA:91,3,0,62
BRDA:91,3,1,5
BRDA:92,4,0,62
BRDA:92,4,1,0
BRDA:93,5,0,62
BRDA:93,5,1,2
BRDA:94,6,0,62
BRDA:94,6,1,0
BRDA:95,7,0,62
BRDA:95,7,1,0
BRDA:113,8,0,0
BRDA:113,8,1,0
BRDA:128,9,0,5
BRDA:128,9,1,1
BRDA:137,10,0,0
BRDA:137,10,1,2
BRDA:141,11,0,1
BRDA:141,11,1,1
BRDA:148,12,0,0
BRDA:148,12,1,0
BRDA:162,13,0,1
BRDA:162,13,1,4
BRDA:162,14,0,5
BRDA:162,14,1,4
BRDA:171,15,0,1
BRDA:171,15,1,3
BRDA:177,16,0,0
BRDA:177,16,1,3
BRDA:179,17,0,2
BRDA:179,17,1,1
BRDA:183,18,0,0
BRDA:183,18,1,0
BRDA:192,19,0,1
BRDA:192,19,1,5
BRDA:196,20,0,1
BRDA:196,20,1,4
BRDA:196,21,0,5
BRDA:196,21,1,4
BRDA:200,22,0,1
BRDA:200,22,1,3
BRDA:211,23,0,1
BRDA:211,23,1,0
BRDA:219,24,0,1
BRDA:219,24,1,3
BRDA:223,25,0,0
BRDA:223,25,1,3
BRDA:223,26,0,3
BRDA:223,26,1,2
BRDA:230,27,0,2
BRDA:230,27,1,1
BRDA:235,28,0,2
BRDA:235,28,1,1
BRDA:238,29,0,1
BRDA:238,29,1,0
BRDA:248,30,0,138
BRDA:248,30,1,0
BRDA:266,31,0,123
BRDA:266,31,1,15
BRDA:267,32,0,138
BRDA:267,32,1,123
BRDA:273,33,0,123
BRDA:273,33,1,15
BRDA:275,34,0,123
BRDA:275,34,1,15
BRDA:277,35,0,138
BRDA:277,35,1,123
BRDA:284,36,0,15
BRDA:284,36,1,123
BRDA:285,37,0,138
BRDA:285,37,1,15
BRDA:291,38,0,15
BRDA:291,38,1,123
BRDA:293,39,0,15
BRDA:293,39,1,123
BRDA:295,40,0,138
BRDA:295,40,1,15
BRDA:316,41,0,138
BRDA:316,41,1,123
BRDA:333,42,0,123
BRDA:333,42,1,4
BRDA:338,43,0,4
BRDA:338,43,1,119
BRDA:348,44,0,123
BRDA:348,44,1,4
BRDA:355,45,0,123
BRDA:355,45,1,9
BRDA:364,46,0,8
BRDA:364,46,1,2
BRDA:365,47,0,10
BRDA:365,47,1,8
BRDA:373,48,0,8
BRDA:373,48,1,2
BRDA:374,49,0,10
BRDA:374,49,1,8
BRDA:378,50,0,10
BRDA:378,50,1,0
BRDA:380,51,0,10
BRDA:380,51,1,8
BRDA:391,52,0,138
BRDA:391,52,1,15
BRDA:400,53,0,4
BRDA:400,53,1,11
BRDA:401,54,0,15
BRDA:401,54,1,4
BRDA:409,55,0,4
BRDA:409,55,1,11
BRDA:410,56,0,15
BRDA:410,56,1,4
BRDA:416,57,0,15
BRDA:416,57,1,4
BRDA:426,58,0,138
BRDA:426,58,1,3
BRDA:431,59,0,3
BRDA:431,59,1,135
BRDA:439,60,0,138
BRDA:439,60,1,3
BRDA:444,61,0,3
BRDA:444,61,1,135
BRDA:459,62,0,2
BRDA:459,62,1,136
BRDA:465,63,0,1
BRDA:465,63,1,0
BRDA:501,64,0,138
BRDA:501,64,1,414
BRDA:507,65,0,138
BRDA:507,65,1,414
BRDA:508,66,0,552
BRDA:508,66,1,138
BRDA:518,67,0,138
BRDA:518,67,1,414
BRDA:520,68,0,138
BRDA:520,68,1,414
BRDA:547,69,0,421
BRDA:547,69,1,683
BRDA:574,70,0,138
BRDA:574,70,1,276
BRDA:575,71,0,414
BRDA:575,71,1,138
BRDA:582,72,0,138
BRDA:582,72,1,276
BRDA:585,73,0,138
BRDA:585,73,1,276
BRDA:587,74,0,138
BRDA:587,74,1,276
BRDA:611,75,0,138
BRDA:611,75,1,276
BRDA:612,76,0,414
BRDA:612,76,1,138
BRDA:619,77,0,138
BRDA:619,77,1,276
BRDA:622,78,0,138
BRDA:622,78,1,276
BRDA:624,79,0,138
BRDA:624,79,1,276
BRDA:648,80,0,138
BRDA:648,80,1,276
BRDA:649,81,0,414
BRDA:649,81,1,138
BRDA:656,82,0,138
BRDA:656,82,1,276
BRDA:660,83,0,138
BRDA:660,83,1,276
BRDA:683,84,0,138
BRDA:683,84,1,552
BRDA:684,85,0,690
BRDA:684,85,1,138
BRDA:691,86,0,138
BRDA:691,86,1,552
BRDA:705,87,0,0
BRDA:705,87,1,0
BRDA:707,88,0,0
BRDA:707,88,1,0
BRDA:714,89,0,0
BRDA:714,89,1,0
BRDA:717,90,0,0
BRDA:717,90,1,0
BRDA:730,91,0,138
BRDA:730,91,1,2
BRDA:735,92,0,2
BRDA:735,92,1,136
BRF:186
BRH:161
end_of_record
TN:
SF:src/services/errors.ts
FN:72,(anonymous_0)
FN:92,(anonymous_1)
FN:100,(anonymous_2)
FN:107,(anonymous_3)
FN:116,(anonymous_4)
FN:130,(anonymous_5)
FN:137,(anonymous_6)
FN:144,(anonymous_7)
FN:161,isAtLeastSeverity
FN:169,logLevel
FN:179,prefix
FN:208,errorToString
FN:219,toAppError
FN:235,handleError
FN:289,getDefaultAlertTitle
FN:305,safeAsync
FN:329,toResult
FN:333,(anonymous_17)
FN:346,resultOf
FNF:19
FNH:0
FNDA:0,(anonymous_0)
FNDA:0,(anonymous_1)
FNDA:0,(anonymous_2)
FNDA:0,(anonymous_3)
FNDA:0,(anonymous_4)
FNDA:0,(anonymous_5)
FNDA:0,(anonymous_6)
FNDA:0,(anonymous_7)
FNDA:0,isAtLeastSeverity
FNDA:0,logLevel
FNDA:0,prefix
FNDA:0,errorToString
FNDA:0,toAppError
FNDA:0,handleError
FNDA:0,getDefaultAlertTitle
FNDA:0,safeAsync
FNDA:0,toResult
FNDA:0,(anonymous_17)
FNDA:0,resultOf
DA:17,1
DA:79,0
DA:80,0
DA:81,0
DA:82,0
DA:83,0
DA:84,0
DA:87,0
DA:88,0
DA:93,0
DA:101,0
DA:102,0
DA:108,0
DA:109,0
DA:123,0
DA:124,0
DA:125,0
DA:131,0
DA:132,0
DA:138,0
DA:139,0
DA:145,0
DA:146,0
DA:152,1
DA:162,0
DA:170,0
DA:171,0
DA:172,0
DA:173,0
DA:175,0
DA:180,0
DA:203,1
DA:209,0
DA:210,0
DA:211,0
DA:212,0
DA:220,0
DA:221,0
DA:222,0
DA:246,0
DA:248,0
DA:251,0
DA:252,0
DA:254,0
DA:255,0
DA:256,0
DA:258,0
DA:259,0
DA:260,0
DA:265,0
DA:267,0
DA:270,0
DA:271,0
DA:272,0
DA:276,0
DA:277,0
DA:282,0
DA:286,0
DA:290,0
DA:291,0
DA:292,0
DA:293,0
DA:294,0
DA:295,0
DA:296,0
DA:297,0
DA:310,0
DA:311,0
DA:313,0
DA:314,0
DA:333,0
DA:334,0
DA:335,0
DA:336,0
DA:338,0
DA:350,0
DA:351,0
DA:352,0
DA:354,0
LF:79
LH:3
BRDA:75,0,0,0
BRDA:76,1,0,0
BRDA:87,2,0,0
BRDA:87,2,1,0
BRDA:93,3,0,0
BRDA:93,3,1,0
BRDA:100,4,0,0
BRDA:100,5,0,0
BRDA:107,6,0,0
BRDA:107,7,0,0
BRDA:120,8,0,0
BRDA:121,9,0,0
BRDA:130,10,0,0
BRDA:130,11,0,0
BRDA:137,12,0,0
BRDA:137,13,0,0
BRDA:144,14,0,0
BRDA:144,15,0,0
BRDA:170,16,0,0
BRDA:170,16,1,0
BRDA:170,16,2,0
BRDA:170,16,3,0
BRDA:170,16,4,0
BRDA:208,17,0,0
BRDA:209,18,0,0
BRDA:209,18,1,0
BRDA:210,19,0,0
BRDA:210,19,1,0
BRDA:211,20,0,0
BRDA:211,20,1,0
BRDA:219,21,0,0
BRDA:220,22,0,0
BRDA:220,22,1,0
BRDA:237,23,0,0
BRDA:240,24,0,0
BRDA:245,25,0,0
BRDA:251,26,0,0
BRDA:251,26,1,0
BRDA:256,27,0,0
BRDA:256,27,1,0
BRDA:258,28,0,0
BRDA:258,28,1,0
BRDA:258,29,0,0
BRDA:258,29,1,0
BRDA:260,30,0,0
BRDA:260,30,1,0
BRDA:265,31,0,0
BRDA:265,31,1,0
BRDA:265,31,2,0
BRDA:267,32,0,0
BRDA:267,32,1,0
BRDA:271,33,0,0
BRDA:271,33,1,0
BRDA:272,34,0,0
BRDA:272,34,1,0
BRDA:272,35,0,0
BRDA:272,35,1,0
BRDA:276,36,0,0
BRDA:276,36,1,0
BRDA:276,37,0,0
BRDA:276,37,1,0
BRDA:290,38,0,0
BRDA:290,38,1,0
BRDA:290,38,2,0
BRDA:290,38,3,0
BRDA:290,38,4,0
BRDA:290,38,5,0
BRDA:290,38,6,0
BRDA:307,39,0,0
BRDA:308,40,0,0
BRDA:331,41,0,0
BRDA:348,42,0,0
BRF:72
BRH:0
end_of_record
TN:
SF:src/services/export.ts
FN:31,buildExportJson
FN:32,(anonymous_1)
FN:49,exportAllData
FN:88,(anonymous_3)
FN:98,importData
FN:115,(anonymous_5)
FN:116,(anonymous_6)
FN:155,importFromFile
FN:190,clearAllData
FNF:9
FNH:0
FNDA:0,buildExportJson
FNDA:0,(anonymous_1)
FNDA:0,exportAllData
FNDA:0,(anonymous_3)
FNDA:0,importData
FNDA:0,(anonymous_5)
FNDA:0,(anonymous_6)
FNDA:0,importFromFile
FNDA:0,clearAllData
DA:17,1
DA:32,0
DA:33,0
DA:40,0
DA:50,0
DA:52,0
DA:53,0
DA:62,0
DA:64,0
DA:66,0
DA:70,0
DA:71,0
DA:73,0
DA:74,0
DA:77,0
DA:78,0
DA:82,0
DA:85,0
DA:88,0
DA:100,0
DA:101,0
DA:103,0
DA:104,0
DA:106,0
DA:107,0
DA:110,0
DA:115,0
DA:116,0
DA:118,0
DA:119,0
DA:121,0
DA:123,0
DA:124,0
DA:125,0
DA:127,0
DA:131,0
DA:132,0
DA:133,0
DA:135,0
DA:139,0
DA:141,0
DA:142,0
DA:144,0
DA:145,0
DA:148,0
DA:156,0
DA:161,0
DA:162,0
DA:165,0
DA:168,0
DA:169,0
DA:173,0
DA:177,0
DA:178,0
DA:180,0
DA:183,0
DA:191,0
LF:57
LH:1
BRDA:71,0,0,0
BRDA:71,0,1,0
BRDA:100,1,0,0
BRDA:100,1,1,0
BRDA:100,2,0,0
BRDA:100,2,1,0
BRDA:103,3,0,0
BRDA:103,3,1,0
BRDA:106,4,0,0
BRDA:106,4,1,0
BRDA:124,5,0,0
BRDA:124,5,1,0
BRDA:132,6,0,0
BRDA:132,6,1,0
BRDA:141,7,0,0
BRDA:141,7,1,0
BRDA:144,8,0,0
BRDA:144,8,1,0
BRDA:161,9,0,0
BRDA:161,9,1,0
BRDA:161,10,0,0
BRDA:161,10,1,0
BRDA:161,10,2,0
BRF:23
BRH:0
end_of_record
TN:
SF:src/services/favorites.ts
FN:7,loadFavorites
FN:17,saveFavorites
FN:21,addFavorite
FN:28,removeFavorite
FN:30,(anonymous_4)
FN:35,generateFavoriteId
FNF:6
FNH:0
FNDA:0,loadFavorites
FNDA:0,saveFavorites
FNDA:0,addFavorite
FNDA:0,removeFavorite
FNDA:0,(anonymous_4)
FNDA:0,generateFavoriteId
DA:5,1
DA:8,0
DA:9,0
DA:10,0
DA:11,0
DA:13,0
DA:18,0
DA:22,0
DA:23,0
DA:24,0
DA:25,0
DA:29,0
DA:30,0
DA:31,0
DA:32,0
DA:36,0
LF:16
LH:1
BRDA:10,0,0,0
BRDA:10,0,1,0
BRF:2
BRH:0
end_of_record
TN:
SF:src/services/shootLog.ts
FN:8,loadLog
FN:18,saveLog
FN:22,addEntry
FN:28,clearLog
FN:32,deleteEntry
FN:34,(anonymous_5)
FN:38,deleteEntries
FN:41,(anonymous_7)
FN:45,generateId
FNF:9
FNH:0
FNDA:0,loadLog
FNDA:0,saveLog
FNDA:0,addEntry
FNDA:0,clearLog
FNDA:0,deleteEntry
FNDA:0,(anonymous_5)
FNDA:0,deleteEntries
FNDA:0,(anonymous_7)
FNDA:0,generateId
DA:6,1
DA:9,0
DA:10,0
DA:11,0
DA:12,0
DA:14,0
DA:19,0
DA:23,0
DA:24,0
DA:25,0
DA:29,0
DA:33,0
DA:34,0
DA:35,0
DA:39,0
DA:40,0
DA:41,0
DA:42,0
DA:46,0
LF:19
LH:1
BRDA:11,0,0,0
BRDA:11,0,1,0
BRF:2
BRH:0
end_of_record
