TN:
SF:src/components/CompositionScoreOverlay.tsx
FN:45,CompositionScoreOverlay
FN:70,(anonymous_1)
FN:81,(anonymous_2)
FN:93,(anonymous_3)
FN:94,(anonymous_4)
FN:120,(anonymous_5)
FN:125,(anonymous_6)
FN:135,(anonymous_7)
FN:140,(anonymous_8)
FN:144,(anonymous_9)
FN:148,(anonymous_10)
FN:152,(anonymous_11)
FN:158,(anonymous_12)
FN:164,(anonymous_13)
FN:255,BreakdownRow
FN:268,gradeFromScore
FNF:16
FNH:11
FNDA:24,CompositionScoreOverlay
FNDA:14,(anonymous_1)
FNDA:60,(anonymous_2)
FNDA:120,(anonymous_3)
FNDA:60,(anonymous_4)
FNDA:0,(anonymous_5)
FNDA:0,(anonymous_6)
FNDA:0,(anonymous_7)
FNDA:0,(anonymous_8)
FNDA:14,(anonymous_9)
FNDA:60,(anonymous_10)
FNDA:1,(anonymous_11)
FNDA:0,(anonymous_12)
FNDA:60,(anonymous_13)
FNDA:72,BreakdownRow
FNDA:2,gradeFromScore
DA:6,1
DA:8,1
DA:16,1
DA:51,24
DA:53,24
DA:54,24
DA:56,24
DA:57,24
DA:58,24
DA:61,24
DA:62,24
DA:64,24
DA:65,24
DA:68,24
DA:70,24
DA:72,14
DA:73,14
DA:74,14
DA:75,14
DA:76,14
DA:78,14
DA:80,10
DA:81,60
DA:90,10
DA:93,120
DA:94,10
DA:95,60
DA:96,60
DA:97,60
DA:106,10
DA:110,14
DA:113,14
DA:120,14
DA:121,0
DA:125,14
DA:126,0
DA:127,0
DA:135,0
DA:136,0
DA:140,0
DA:144,14
DA:145,14
DA:146,14
DA:147,14
DA:148,60
DA:152,24
DA:153,1
DA:154,1
DA:158,0
DA:161,24
DA:165,60
DA:256,72
DA:257,72
DA:269,2
DA:270,0
DA:271,0
DA:272,0
DA:273,0
DA:279,1
LF:59
LH:48
BRDA:64,0,0,24
BRDA:64,0,1,20
BRDA:78,1,0,10
BRDA:78,1,1,4
BRDA:146,2,0,0
BRDA:146,2,1,14
BRDA:153,3,0,0
BRDA:153,3,1,1
BRDA:164,4,0,24
BRDA:164,4,1,20
BRDA:204,5,0,24
BRDA:204,5,1,0
BRDA:227,6,0,24
BRDA:227,6,1,2
BRDA:227,6,2,2
BRDA:239,7,0,2
BRDA:239,7,1,0
BRDA:269,8,0,2
BRDA:269,8,1,0
BRDA:270,9,0,0
BRDA:270,9,1,0
BRDA:271,10,0,0
BRDA:271,10,1,0
BRDA:272,11,0,0
BRDA:272,11,1,0
BRF:25
BRH:14
end_of_record
TN:
SF:src/components/FocusGuideOverlay.tsx
FN:31,FocusRing
FN:35,(anonymous_1)
FN:76,FocusGuideOverlay
FN:87,(anonymous_3)
FN:96,(anonymous_4)
FN:114,(anonymous_5)
FN:121,(anonymous_6)
FN:139,(anonymous_7)
FN:142,(anonymous_8)
FN:147,(anonymous_9)
FN:148,(anonymous_10)
FN:148,(anonymous_11)
FN:151,(anonymous_12)
FN:179,(anonymous_13)
FN:183,(anonymous_14)
FN:193,(anonymous_15)
FN:198,(anonymous_16)
FNF:17
FNH:8
FNDA:0,FocusRing
FNDA:0,(anonymous_1)
FNDA:14,FocusGuideOverlay
FNDA:7,(anonymous_3)
FNDA:8,(anonymous_4)
FNDA:6,(anonymous_5)
FNDA:4,(anonymous_6)
FNDA:0,(anonymous_7)
FNDA:0,(anonymous_8)
FNDA:0,(anonymous_9)
FNDA:0,(anonymous_10)
FNDA:0,(anonymous_11)
FNDA:1,(anonymous_12)
FNDA:39,(anonymous_13)
FNDA:4,(anonymous_14)
FNDA:0,(anonymous_15)
FNDA:0,(anonymous_16)
DA:16,1
DA:22,1
DA:23,1
DA:32,0
DA:33,0
DA:35,0
DA:36,0
DA:51,0
DA:78,14
DA:80,14
DA:82,14
DA:83,14
DA:84,14
DA:87,14
DA:88,7
DA:89,1
DA:90,0
DA:91,0
DA:93,1
DA:96,6
DA:97,8
DA:99,7
DA:100,7
DA:101,7
DA:104,7
DA:105,6
DA:106,1
DA:107,1
DA:112,6
DA:113,6
DA:114,6
DA:115,6
DA:120,14
DA:122,4
DA:123,4
DA:125,4
DA:126,3
DA:127,3
DA:129,0
DA:132,1
DA:138,14
DA:140,0
DA:141,0
DA:142,0
DA:147,14
DA:148,0
DA:151,14
DA:152,1
DA:153,0
DA:159,14
DA:161,13
DA:180,39
DA:183,4
DA:194,0
DA:198,0
DA:206,1
LF:56
LH:41
BRDA:88,0,0,1
BRDA:88,0,1,6
BRDA:89,1,0,0
BRDA:89,1,1,1
BRDA:97,2,0,7
BRDA:97,2,1,1
BRDA:100,3,0,7
BRDA:100,3,1,0
BRDA:100,4,0,7
BRDA:100,4,1,7
BRDA:104,5,0,6
BRDA:104,5,1,1
BRDA:104,6,0,7
BRDA:104,6,1,7
BRDA:106,7,0,1
BRDA:106,7,1,0
BRDA:115,8,0,6
BRDA:115,8,1,0
BRDA:122,9,0,0
BRDA:122,9,1,4
BRDA:125,10,0,3
BRDA:125,10,1,1
BRDA:152,11,0,0
BRDA:152,11,1,1
BRDA:159,12,0,1
BRDA:159,12,1,13
BRDA:171,13,0,13
BRDA:171,13,1,2
BRF:28
BRH:22
end_of_record
TN:
SF:src/components/GridOverlay.tsx
FN:10,GoldenSpiral
FN:30,DiagonalGrid
FN:45,SpiralGrid
FN:64,GridOverlay
FNF:4
FNH:4
FNDA:1,GoldenSpiral
FNDA:1,DiagonalGrid
FNDA:1,SpiralGrid
FNDA:6,GridOverlay
DA:13,1
DA:31,1
DA:47,1
DA:65,6
DA:67,5
DA:68,2
DA:78,3
DA:79,1
DA:82,2
DA:83,1
DA:86,1
DA:87,1
DA:90,0
DA:93,1
LF:14
LH:13
BRDA:64,0,0,1
BRDA:65,1,0,1
BRDA:65,1,1,5
BRDA:67,2,0,2
BRDA:67,2,1,3
BRDA:78,3,0,1
BRDA:78,3,1,2
BRDA:82,4,0,1
BRDA:82,4,1,1
BRDA:86,5,0,1
BRDA:86,5,1,0
BRF:11
BRH:10
end_of_record
TN:
SF:src/components/GridSelectorModal.tsx
FN:34,ThirdsPreview
FN:45,GoldenPreview
FN:60,DiagonalPreview
FN:69,SpiralPreview
FN:82,NonePreview
FN:90,GridPreview
FN:103,GridSelectorModal
FN:113,(anonymous_7)
FN:140,(anonymous_8)
FN:170,(anonymous_9)
FN:177,(anonymous_10)
FN:196,(anonymous_11)
FNF:12
FNH:11
FNDA:12,ThirdsPreview
FNDA:12,GoldenPreview
FNDA:12,DiagonalPreview
FNDA:12,SpiralPreview
FNDA:0,NonePreview
FNDA:48,GridPreview
FNDA:24,GridSelectorModal
FNDA:13,(anonymous_7)
FNDA:2,(anonymous_8)
FNDA:48,(anonymous_9)
FNDA:5,(anonymous_10)
FNDA:1,(anonymous_11)
DA:22,1
DA:30,1
DA:35,12
DA:46,12
DA:61,12
DA:70,12
DA:83,0
DA:91,48
DA:92,12
DA:93,12
DA:94,12
DA:95,12
DA:96,0
DA:97,0
DA:109,24
DA:110,24
DA:111,24
DA:113,24
DA:114,13
DA:115,11
DA:127,11
DA:129,2
DA:141,2
DA:146,24
DA:148,12
DA:171,48
DA:177,5
DA:196,1
DA:213,1
DA:215,1
DA:317,1
LF:31
LH:28
BRDA:91,0,0,12
BRDA:91,0,1,12
BRDA:91,0,2,12
BRDA:91,0,3,12
BRDA:91,0,4,0
BRDA:91,0,5,0
BRDA:114,1,0,11
BRDA:114,1,1,2
BRDA:146,2,0,12
BRDA:146,2,1,12
BRDA:149,3,0,11
BRDA:149,3,1,1
BRDA:175,4,0,48
BRDA:175,4,1,12
BRDA:183,5,0,48
BRDA:183,5,1,12
BRDA:194,6,0,12
BRDA:194,6,1,0
BRDA:202,7,0,12
BRDA:202,7,1,0
BRF:20
BRH:16
end_of_record
TN:
SF:src/components/HistogramOverlay.tsx
FN:17,HistogramOverlay
FN:18,(anonymous_1)
FN:34,(anonymous_2)
FN:37,(anonymous_3)
FN:43,(anonymous_4)
FN:63,(anonymous_5)
FNF:6
FNH:6
FNDA:8,HistogramOverlay
FNDA:8,(anonymous_1)
FNDA:128,(anonymous_2)
FNDA:8,(anonymous_3)
FNDA:2048,(anonymous_4)
FNDA:112,(anonymous_5)
DA:10,1
DA:11,1
DA:12,1
DA:13,1
DA:14,1
DA:15,1
DA:18,8
DA:19,8
DA:20,0
DA:24,8
DA:25,8
DA:26,128
DA:27,128
DA:28,2048
DA:30,128
DA:33,8
DA:34,128
DA:37,8
DA:38,8
DA:39,8
DA:40,256
DA:41,8
DA:42,384
DA:43,2048
DA:44,8
DA:50,8
DA:52,7
DA:64,112
DA:87,1
LF:29
LH:28
BRDA:19,0,0,0
BRDA:19,0,1,8
BRDA:19,1,0,8
BRDA:19,1,1,8
BRDA:38,2,0,0
BRDA:38,2,1,8
BRDA:38,3,0,8
BRDA:38,3,1,8
BRDA:43,4,0,8
BRDA:43,4,1,4
BRDA:50,5,0,1
BRDA:50,5,1,7
BRDA:57,6,0,7
BRDA:57,6,1,2
BRDA:58,7,0,7
BRDA:58,7,1,1
BRDA:71,8,0,21
BRDA:71,8,1,91
BRDA:71,9,0,21
BRDA:71,9,1,70
BRF:20
BRH:18
end_of_record
TN:
SF:src/components/LevelIndicator.tsx
FN:11,getLevelState
FN:18,getColor
FN:29,BubbleDot
FN:70,LevelIndicator
FNF:4
FNH:4
FNDA:24,getLevelState
FNDA:12,getColor
FNDA:6,BubbleDot
FNDA:7,LevelIndicator
DA:7,1
DA:8,1
DA:9,1
DA:12,24
DA:13,24
DA:14,12
DA:15,6
DA:19,12
DA:20,8
DA:21,4
DA:30,6
DA:31,6
DA:34,6
DA:35,6
DA:37,6
DA:38,6
DA:39,6
DA:44,6
DA:46,6
DA:71,7
DA:73,7
DA:74,1
DA:77,6
DA:78,6
DA:79,6
DA:84,6
DA:87,6
DA:94,6
DA:100,6
DA:119,1
LF:30
LH:30
BRDA:13,0,0,12
BRDA:13,0,1,12
BRDA:14,1,0,6
BRDA:14,1,1,6
BRDA:19,2,0,4
BRDA:19,2,1,8
BRDA:20,3,0,4
BRDA:20,3,1,4
BRDA:39,4,0,2
BRDA:39,4,1,4
BRDA:39,5,0,6
BRDA:39,5,1,5
BRDA:41,6,0,2
BRDA:41,6,1,2
BRDA:41,7,0,4
BRDA:41,7,1,2
BRDA:73,8,0,1
BRDA:73,8,1,6
BRDA:79,9,0,2
BRDA:79,9,1,4
BRDA:79,10,0,6
BRDA:79,10,1,5
BRDA:81,11,0,2
BRDA:81,11,1,2
BRDA:81,12,0,4
BRDA:81,12,1,2
BRDA:87,13,0,2
BRDA:87,13,1,4
BRDA:89,14,0,2
BRDA:89,14,1,2
BRDA:94,15,0,2
BRDA:94,15,1,4
BRDA:96,16,0,2
BRDA:96,16,1,2
BRF:34
BRH:34
end_of_record
TN:
SF:src/constants/colors.ts
FNF:0
FNH:0
DA:1,6
LF:1
LH:1
BRF:0
BRH:0
end_of_record
TN:
SF:src/hooks/useCompositionScore.ts
FN:44,gradeFromScore
FN:52,computeAlignment
FN:59,(anonymous_2)
FN:61,(anonymous_3)
FN:70,computeBalance
FN:87,computeCentrality
FN:103,computeScore
FN:131,useCompositionScore
FN:141,(anonymous_8)
FN:147,(anonymous_9)
FN:148,(anonymous_10)
FN:151,(anonymous_11)
FN:153,(anonymous_12)
FN:161,(anonymous_13)
FNF:14
FNH:14
FNDA:32,gradeFromScore
FNDA:32,computeAlignment
FNDA:73,(anonymous_2)
FNDA:73,(anonymous_3)
FNDA:32,computeBalance
FNDA:32,computeCentrality
FNDA:32,computeScore
FNDA:37,useCompositionScore
FNDA:32,(anonymous_8)
FNDA:6,(anonymous_9)
FNDA:6,(anonymous_10)
FNDA:10,(anonymous_11)
FNDA:9,(anonymous_12)
FNDA:1,(anonymous_13)
DA:27,1
DA:36,1
DA:45,32
DA:46,32
DA:47,23
DA:48,20
DA:49,9
DA:53,32
DA:54,31
DA:55,31
DA:56,31
DA:57,47
DA:59,73
DA:61,73
DA:63,47
DA:64,47
DA:65,47
DA:67,31
DA:71,32
DA:72,31
DA:73,31
DA:74,31
DA:75,47
DA:76,47
DA:77,47
DA:78,18
DA:80,31
DA:81,31
DA:82,31
DA:84,31
DA:88,32
DA:89,31
DA:90,31
DA:91,31
DA:92,31
DA:93,47
DA:94,47
DA:96,47
DA:98,31
DA:100,31
DA:104,32
DA:105,32
DA:106,32
DA:108,32
DA:109,32
DA:132,37
DA:133,37
DA:140,37
DA:142,32
DA:147,37
DA:148,6
DA:151,37
DA:152,10
DA:153,9
DA:161,37
DA:162,1
DA:165,37
LF:57
LH:57
BRDA:45,0,0,0
BRDA:45,0,1,32
BRDA:46,1,0,9
BRDA:46,1,1,23
BRDA:47,2,0,3
BRDA:47,2,1,20
BRDA:48,3,0,11
BRDA:48,3,1,9
BRDA:53,4,0,1
BRDA:53,4,1,31
BRDA:71,5,0,1
BRDA:71,5,1,31
BRDA:77,6,0,29
BRDA:77,6,1,18
BRDA:81,7,0,0
BRDA:81,7,1,31
BRDA:88,8,0,1
BRDA:88,8,1,31
BRDA:152,9,0,1
BRDA:152,9,1,9
BRF:20
BRH:18
end_of_record
TN:
SF:src/hooks/useDeviceOrientation.ts
FN:12,computeOrientation
FN:20,useDeviceOrientation
FN:26,(anonymous_2)
FN:29,(anonymous_3)
FN:35,(anonymous_4)
FN:41,(anonymous_5)
FNF:6
FNH:6
FNDA:2,computeOrientation
FNDA:13,useDeviceOrientation
FNDA:6,(anonymous_2)
FNDA:6,(anonymous_3)
FNDA:2,(anonymous_4)
FNDA:6,(anonymous_5)
DA:10,1
DA:15,2
DA:16,2
DA:17,2
DA:21,13
DA:22,13
DA:23,13
DA:24,13
DA:26,13
DA:27,6
DA:29,6
DA:30,6
DA:31,6
DA:32,6
DA:34,5
DA:35,5
DA:36,2
DA:37,2
DA:41,6
DA:42,6
DA:43,6
DA:47,13
LF:22
LH:22
BRDA:20,0,0,11
BRDA:30,1,0,0
BRDA:30,1,1,6
BRDA:32,2,0,1
BRDA:32,2,1,5
BRDA:36,3,0,0
BRDA:36,3,1,2
BRF:7
BRH:5
end_of_record
TN:
SF:src/hooks/useHistogram.ts
FN:8,sampleJpegBytes
FN:36,buildHistogram
FN:43,(anonymous_2)
FN:46,expandTo256
FN:67,useHistogram
FN:72,(anonymous_5)
FNF:6
FNH:6
FNDA:6,sampleJpegBytes
FNDA:6,buildHistogram
FNDA:96,(anonymous_2)
FNDA:6,expandTo256
FNDA:17,useHistogram
FNDA:9,(anonymous_5)
DA:6,1
DA:12,6
DA:13,6
DA:14,6
DA:15,11250
DA:19,6
DA:20,6
DA:21,11244
DA:22,0
DA:23,0
DA:28,6
DA:29,6
DA:30,6
DA:31,0
DA:33,6
DA:37,6
DA:38,6
DA:39,0
DA:40,0
DA:42,6
DA:43,96
DA:48,6
DA:49,6
DA:50,96
DA:51,1536
DA:54,6
DA:68,17
DA:69,17
DA:71,17
DA:73,9
DA:74,7
DA:75,7
DA:76,7
DA:80,7
DA:82,7
DA:88,6
DA:89,6
DA:91,6
DA:92,6
DA:93,6
DA:94,6
DA:95,6
DA:97,1
DA:99,7
DA:105,17
LF:45
LH:40
BRDA:21,0,0,0
BRDA:21,0,1,11244
BRDA:21,1,0,11244
BRDA:21,1,1,0
BRDA:73,2,0,2
BRDA:73,2,1,7
BRDA:80,3,0,0
BRDA:80,3,1,7
BRDA:89,4,0,0
BRDA:89,4,1,6
BRDA:89,5,0,6
BRDA:89,5,1,6
BRF:12
BRH:8
end_of_record
TN:
SF:src/screens/ShootLogScreen.tsx
FN:24,formatDateHeader
FN:29,formatTime
FN:34,getScoreColor
FN:40,ScoreBadge
FN:52,EntryCard
FN:102,buildSections
FN:109,(anonymous_6)
FN:112,ShootLogScreen
FN:116,(anonymous_8)
FN:122,(anonymous_9)
FN:163,(anonymous_10)
FN:166,(anonymous_11)
FN:171,(anonymous_12)
FNF:13
FNH:12
FNDA:7,formatDateHeader
FNDA:7,formatTime
FNDA:6,getScoreColor
FNDA:3,ScoreBadge
FNDA:7,EntryCard
FNDA:8,buildSections
FNDA:5,(anonymous_6)
FNDA:8,ShootLogScreen
FNDA:1,(anonymous_8)
FNDA:0,(anonymous_9)
FNDA:10,(anonymous_10)
FNDA:5,(anonymous_11)
FNDA:7,(anonymous_12)
DA:16,1
DA:25,7
DA:26,7
DA:30,7
DA:31,7
DA:35,6
DA:36,2
DA:37,0
DA:41,3
DA:53,7
DA:55,7
DA:103,8
DA:104,8
DA:105,7
DA:106,7
DA:107,7
DA:109,8
DA:113,8
DA:114,8
DA:116,8
DA:117,1
DA:122,0
DA:127,8
DA:128,1
DA:140,7
DA:163,10
DA:167,5
DA:172,7
DA:183,1
LF:29
LH:27
BRDA:35,0,0,4
BRDA:35,0,1,2
BRDA:36,1,0,2
BRDA:36,1,1,0
BRDA:53,2,0,7
BRDA:53,2,1,0
BRDA:62,3,0,3
BRDA:62,3,1,4
BRDA:62,4,0,7
BRDA:62,4,1,3
BRDA:68,5,0,0
BRDA:68,5,1,7
BRDA:73,6,0,0
BRDA:73,6,1,7
BRDA:76,7,0,2
BRDA:76,7,1,5
BRDA:79,8,0,0
BRDA:79,8,1,7
BRDA:79,9,0,7
BRDA:79,9,1,0
BRDA:84,10,0,0
BRDA:84,10,1,7
BRDA:88,11,0,0
BRDA:88,11,1,7
BRDA:106,12,0,5
BRDA:106,12,1,2
BRDA:127,13,0,1
BRDA:127,13,1,7
BRDA:145,14,0,7
BRDA:145,14,1,5
BRDA:147,15,0,5
BRDA:147,15,1,2
BRDA:154,16,0,2
BRDA:154,16,1,5
BRF:34
BRH:26
end_of_record
TN:
SF:src/screens/StatsScreen.tsx
FN:18,StatsScreen
FN:87,(anonymous_1)
FN:109,(anonymous_2)
FN:137,(anonymous_3)
FNF:4
FNH:4
FNDA:2,StatsScreen
FNDA:2,(anonymous_1)
FNDA:1,(anonymous_2)
FNDA:5,(anonymous_3)
DA:19,2
DA:20,2
DA:22,2
DA:23,1
DA:41,1
DA:88,2
DA:110,1
DA:138,5
DA:151,1
LF:9
LH:9
BRDA:22,0,0,1
BRDA:22,0,1,1
BRDA:106,1,0,1
BRDA:106,1,1,1
BRDA:129,2,0,1
BRDA:129,2,1,1
BRF:6
BRH:6
end_of_record
TN:
SF:src/services/shootLog.ts
FN:19,loadLog
FN:29,saveLog
FN:33,addEntry
FN:39,clearLog
FN:43,generateId
FNF:5
FNH:5
FNDA:3,loadLog
FNDA:1,saveLog
FNDA:1,addEntry
FNDA:1,clearLog
FNDA:6,generateId
DA:3,1
DA:20,3
DA:21,3
DA:22,3
DA:23,2
DA:25,0
DA:30,1
DA:34,1
DA:35,1
DA:36,1
DA:40,1
DA:44,6
LF:12
LH:11
BRDA:22,0,0,1
BRDA:22,0,1,2
BRF:2
BRH:2
end_of_record
TN:
SF:src/services/stats.ts
FN:35,mean
FN:37,(anonymous_1)
FN:40,mode
FN:53,computeStats
FN:71,(anonymous_4)
FN:75,(anonymous_5)
FN:79,(anonymous_6)
FN:80,(anonymous_7)
FN:89,(anonymous_8)
FN:92,(anonymous_9)
FN:104,(anonymous_10)
FN:118,(anonymous_11)
FN:121,(anonymous_12)
FN:123,(anonymous_13)
FN:127,(anonymous_14)
FN:129,(anonymous_15)
FN:140,(anonymous_16)
FN:142,(anonymous_17)
FN:143,(anonymous_18)
FN:168,getScoreEmoji
FN:176,getTrendLabel
FNF:21
FNH:21
FNDA:36,mean
FNDA:133,(anonymous_1)
FNDA:20,mode
FNDA:12,computeStats
FNDA:41,(anonymous_4)
FNDA:41,(anonymous_5)
FNDA:41,(anonymous_6)
FNDA:41,(anonymous_7)
FNDA:13,(anonymous_8)
FNDA:41,(anonymous_9)
FNDA:2,(anonymous_10)
FNDA:11,(anonymous_11)
FNDA:41,(anonymous_12)
FNDA:1,(anonymous_13)
FNDA:32,(anonymous_14)
FNDA:41,(anonymous_15)
FNDA:14,(anonymous_16)
FNDA:5,(anonymous_17)
FNDA:5,(anonymous_18)
FNDA:11,getScoreEmoji
FNDA:4,getTrendLabel
DA:36,36
DA:37,133
DA:41,20
DA:42,12
DA:43,12
DA:44,45
DA:46,12
DA:47,12
DA:48,15
DA:50,12
DA:54,12
DA:56,12
DA:57,2
DA:71,41
DA:72,10
DA:73,10
DA:75,41
DA:76,10
DA:78,10
DA:79,41
DA:80,41
DA:81,10
DA:84,10
DA:85,10
DA:86,41
DA:87,41
DA:89,13
DA:92,41
DA:97,10
DA:98,10
DA:99,41
DA:100,41
DA:101,4
DA:102,4
DA:104,10
DA:111,10
DA:112,10
DA:113,41
DA:114,41
DA:115,41
DA:117,10
DA:118,11
DA:121,41
DA:123,1
DA:126,10
DA:127,32
DA:129,10
DA:130,41
DA:131,41
DA:132,41
DA:133,41
DA:137,10
DA:138,10
DA:139,1
DA:140,14
DA:142,5
DA:143,5
DA:144,1
DA:145,1
DA:146,1
DA:147,0
DA:148,0
DA:150,0
DA:154,10
DA:169,11
DA:170,9
DA:171,6
DA:172,4
DA:173,2
DA:177,4
DA:178,3
DA:179,2
LF:72
LH:69
BRDA:36,0,0,0
BRDA:36,0,1,36
BRDA:41,1,0,8
BRDA:41,1,1,12
BRDA:44,2,0,45
BRDA:44,2,1,15
BRDA:48,3,0,0
BRDA:48,3,1,15
BRDA:48,4,0,15
BRDA:48,4,1,0
BRDA:56,5,0,2
BRDA:56,5,1,10
BRDA:79,6,0,41
BRDA:79,6,1,34
BRDA:86,7,0,13
BRDA:86,7,1,28
BRDA:99,8,0,41
BRDA:99,8,1,34
BRDA:100,9,0,37
BRDA:100,9,1,4
BRDA:101,10,0,2
BRDA:101,10,1,2
BRDA:114,11,0,11
BRDA:114,11,1,30
BRDA:138,12,0,1
BRDA:138,12,1,9
BRDA:144,13,0,1
BRDA:144,13,1,0
BRDA:146,14,0,1
BRDA:146,14,1,0
BRDA:147,15,0,0
BRDA:147,15,1,0
BRDA:169,16,0,2
BRDA:169,16,1,9
BRDA:170,17,0,3
BRDA:170,17,1,6
BRDA:171,18,0,2
BRDA:171,18,1,4
BRDA:172,19,0,2
BRDA:172,19,1,2
BRDA:177,20,0,1
BRDA:177,20,1,3
BRDA:178,21,0,1
BRDA:178,21,1,2
BRF:44
BRH:37
end_of_record
